<?xml version="1.0" encoding="UTF-8"?>
<Site BuildName="(empty)"
	BuildStamp="20250323-1202-Experimental"
	Name="(empty)"
	Generator="ctest-3.28.1"
	CompilerName=""
	CompilerVersion=""
	OSName="Linux"
	Hostname="mandragora"
	OSRelease="6.11.0-19-generic"
	OSVersion="#19~24.04.1-Ubuntu SMP PREEMPT_DYNAMIC Mon Feb 17 11:51:52 UTC 2"
	OSPlatform="x86_64"
	Is64Bits="1"
	VendorString="GenuineIntel"
	VendorID="Intel Corporation"
	FamilyID="6"
	ModelID="154"
	ProcessorCacheSize="24576"
	NumberOfLogicalCPU="16"
	NumberOfPhysicalCPU="10"
	TotalVirtualMemory="8191"
	TotalPhysicalMemory="19623"
	LogicalProcessorsPerPhysical="1"
	ProcessorClockFrequency="3131.65"
	>
	<Testing>
		<StartDateTime>Mar 23 13:02 CET</StartDateTime>
		<StartTestTime>1742731344</StartTestTime>
		<TestList/>
		<EndDateTime>Mar 23 13:02 CET</EndDateTime>
		<EndTestTime>1742731344</EndTestTime>
		<ElapsedMinutes>0</ElapsedMinutes>
	</Testing>
</Site>
